{"Protocol":0,"Id":"464d3aefb513dbee8a46897d07ab059c","Path":"/media/Pushpa- The Rise - Part 1  2021 Hindi 1080P AMZN WEB-DL DDP 5.1 H 265 HEVC ESUB-[Hasan].mkv","EncoderPath":null,"EncoderProtocol":null,"Type":0,"Container":"mkv","Size":3405713856,"Name":"Pushpa- The Rise - Part 1  2021 Hindi 1080P AMZN WEB-DL DDP 5.1 H 265 HEVC ESUB-[Hasan]","IsRemote":false,"ETag":"183f8b1929b7577e35a4a7b76d201827","RunTimeTicks":105077440000,"ReadAtNativeFramerate":false,"IgnoreDts":false,"IgnoreIndex":false,"GenPtsInput":false,"SupportsTranscoding":true,"SupportsDirectStream":true,"SupportsDirectPlay":true,"IsInfiniteStream":false,"RequiresOpening":false,"OpenToken":null,"RequiresClosing":false,"LiveStreamId":null,"BufferMs":null,"RequiresLooping":false,"SupportsProbing":true,"VideoType":0,"IsoType":null,"Video3DFormat":null,"MediaStreams":[{"Codec":"hevc","CodecTag":null,"Language":"eng","ColorRange":null,"ColorSpace":"bt709","ColorTransfer":"bt709","ColorPrimaries":"bt709","DvVersionMajor":null,"DvVersionMinor":null,"DvProfile":null,"DvLevel":null,"RpuPresentFlag":null,"ElPresentFlag":null,"BlPresentFlag":null,"DvBlSignalCompatibilityId":null,"Comment":null,"TimeBase":"1/1000","CodecTimeBase":null,"Title":"[Hasan]","VideoRange":1,"VideoRangeType":1,"VideoDoViTitle":null,"AudioSpatialFormat":0,"LocalizedUndefined":null,"LocalizedDefault":null,"LocalizedForced":null,"LocalizedExternal":null,"LocalizedHearingImpaired":null,"DisplayTitle":"[Hasan] - 1080p - HEVC - SDR","NalLengthSize":null,"IsInterlaced":false,"IsAVC":false,"ChannelLayout":null,"BitRate":2592917,"BitDepth":8,"RefFrames":1,"PacketLength":null,"Channels":null,"SampleRate":null,"IsDefault":true,"IsForced":false,"IsHearingImpaired":false,"Height":800,"Width":1920,"AverageFrameRate":24,"RealFrameRate":24,"Profile":"Main","Type":1,"AspectRatio":"2.40:1","Index":0,"Score":null,"IsExternal":false,"DeliveryMethod":null,"DeliveryUrl":null,"IsExternalUrl":null,"IsTextSubtitleStream":false,"SupportsExternalStream":false,"Path":null,"PixelFormat":"yuv420p","Level":120,"IsAnamorphic":false},{"Codec":"eac3","CodecTag":null,"Language":"hin","ColorRange":null,"ColorSpace":null,"ColorTransfer":null,"ColorPrimaries":null,"DvVersionMajor":null,"DvVersionMinor":null,"DvProfile":null,"DvLevel":null,"RpuPresentFlag":null,"ElPresentFlag":null,"BlPresentFlag":null,"DvBlSignalCompatibilityId":null,"Comment":null,"TimeBase":"1/1000","CodecTimeBase":null,"Title":"[Hasan]","VideoRange":0,"VideoRangeType":0,"VideoDoViTitle":null,"AudioSpatialFormat":0,"LocalizedUndefined":null,"LocalizedDefault":"Default","LocalizedForced":null,"LocalizedExternal":"External","LocalizedHearingImpaired":null,"DisplayTitle":"[Hasan] - Hindi - Dolby Digital\u002B - 5.1","NalLengthSize":null,"IsInterlaced":false,"IsAVC":false,"ChannelLayout":"5.1","BitRate":192000,"BitDepth":null,"RefFrames":null,"PacketLength":null,"Channels":6,"SampleRate":48000,"IsDefault":false,"IsForced":false,"IsHearingImpaired":false,"Height":null,"Width":null,"AverageFrameRate":null,"RealFrameRate":null,"Profile":null,"Type":0,"AspectRatio":null,"Index":1,"Score":null,"IsExternal":false,"DeliveryMethod":null,"DeliveryUrl":null,"IsExternalUrl":null,"IsTextSubtitleStream":false,"SupportsExternalStream":false,"Path":null,"PixelFormat":null,"Level":0,"IsAnamorphic":null},{"Codec":"subrip","CodecTag":null,"Language":"eng","ColorRange":null,"ColorSpace":null,"ColorTransfer":null,"ColorPrimaries":null,"DvVersionMajor":null,"DvVersionMinor":null,"DvProfile":null,"DvLevel":null,"RpuPresentFlag":null,"ElPresentFlag":null,"BlPresentFlag":null,"DvBlSignalCompatibilityId":null,"Comment":null,"TimeBase":"1/1000","CodecTimeBase":null,"Title":"[Hasan]","VideoRange":0,"VideoRangeType":0,"VideoDoViTitle":null,"AudioSpatialFormat":0,"LocalizedUndefined":"Undefined","LocalizedDefault":"Default","LocalizedForced":"Forced","LocalizedExternal":"External","LocalizedHearingImpaired":"Hearing Impaired","DisplayTitle":"[Hasan] - English - Default - SUBRIP","NalLengthSize":null,"IsInterlaced":false,"IsAVC":false,"ChannelLayout":null,"BitRate":null,"BitDepth":null,"RefFrames":null,"PacketLength":null,"Channels":null,"SampleRate":null,"IsDefault":true,"IsForced":false,"IsHearingImpaired":false,"Height":0,"Width":0,"AverageFrameRate":null,"RealFrameRate":null,"Profile":null,"Type":2,"AspectRatio":null,"Index":2,"Score":null,"IsExternal":false,"DeliveryMethod":null,"DeliveryUrl":null,"IsExternalUrl":null,"IsTextSubtitleStream":true,"SupportsExternalStream":true,"Path":null,"PixelFormat":null,"Level":0,"IsAnamorphic":null}],"MediaAttachments":[],"Formats":[],"Bitrate":2784917,"Timestamp":null,"RequiredHttpHeaders":{},"TranscodingUrl":null,"TranscodingSubProtocol":0,"TranscodingContainer":null,"AnalyzeDurationMs":null,"DefaultAudioStreamIndex":null,"DefaultSubtitleStreamIndex":null}

/usr/lib/jellyfin-ffmpeg/ffmpeg -analyzeduration 200M -probesize 1G -f matroska -noautorotate -i file:"/media/Pushpa- The Rise - Part 1  2021 Hindi 1080P AMZN WEB-DL DDP 5.1 H 265 HEVC ESUB-[Hasan].mkv" -map_metadata -1 -map_chapters -1 -threads 0 -map 0:0 -map 0:1 -map -0:s -codec:v:0 libx264 -preset veryfast -crf 23 -maxrate 7822884 -bufsize 15645768 -x264opts:0 subme=0:me_range=4:rc_lookahead=10:me=dia:no_chroma_me:8x8dct=0:partitions=none -force_key_frames:0 "expr:gte(t,n_forced*3)" -sc_threshold:v:0 0 -vf "setparams=color_primaries=bt709:color_trc=bt709:colorspace=bt709,scale=trunc(min(max(iw\,ih*a)\,min(1920\,800*a))/2)*2:trunc(min(max(iw/a\,ih)\,min(1920/a\,800))/2)*2,format=yuv420p" -codec:a:0 libfdk_aac -ac 2 -ab 256000 -af "volume=2" -copyts -avoid_negative_ts disabled -max_muxing_queue_size 2048 -f hls -max_delay 5000000 -hls_time 3 -hls_segment_type fmp4 -hls_fmp4_init_filename "6a9dad66aa67f6eed202ee7be5756356-1.mp4" -start_number 0 -hls_segment_filename "/cache/transcodes/6a9dad66aa67f6eed202ee7be5756356%d.mp4" -hls_playlist_type vod -hls_list_size 0 -y "/cache/transcodes/6a9dad66aa67f6eed202ee7be5756356.m3u8"


ffmpeg version 6.0.1-Jellyfin Copyright (c) 2000-2023 the FFmpeg developers
  built with gcc 12 (Debian 12.2.0-14)
  configuration: --prefix=/usr/lib/jellyfin-ffmpeg --target-os=linux --extra-version=Jellyfin --disable-doc --disable-ffplay --disable-ptx-compression --disable-static --disable-libxcb --disable-sdl2 --disable-xlib --enable-lto --enable-gpl --enable-version3 --enable-shared --enable-gmp --enable-gnutls --enable-chromaprint --enable-opencl --enable-libdrm --enable-libxml2 --enable-libass --enable-libfreetype --enable-libfribidi --enable-libfontconfig --enable-libbluray --enable-libmp3lame --enable-libopus --enable-libtheora --enable-libvorbis --enable-libopenmpt --enable-libdav1d --enable-libsvtav1 --enable-libwebp --enable-libvpx --enable-libx264 --enable-libx265 --enable-libzvbi --enable-libzimg --enable-libfdk-aac --arch=amd64 --enable-libshaderc --enable-libplacebo --enable-vulkan --enable-vaapi --enable-amf --enable-libvpl --enable-ffnvcodec --enable-cuda --enable-cuda-llvm --enable-cuvid --enable-nvdec --enable-nvenc
  libavutil      58.  2.100 / 58.  2.100
  libavcodec     60.  3.100 / 60.  3.100
  libavformat    60.  3.100 / 60.  3.100
  libavdevice    60.  1.100 / 60.  1.100
  libavfilter     9.  3.100 /  9.  3.100
  libswscale      7.  1.100 /  7.  1.100
  libswresample   4. 10.100 /  4. 10.100
  libpostproc    57.  1.100 / 57.  1.100
Input #0, matroska,webm, from 'file:/media/Pushpa- The Rise - Part 1  2021 Hindi 1080P AMZN WEB-DL DDP 5.1 H 265 HEVC ESUB-[Hasan].mkv':
  Metadata:
    title           : Pushpa: The Rise - Part 1  2021 Hindi 1080P AMZN WEB-DL DDP 5.1 H 265 HEVC ESUB-[Hasan]
    encoder         : libebml v1.4.2 + libmatroska v1.6.4
    creation_time   : 2022-01-13T18:46:27.000000Z
  Duration: 02:55:07.74, start: 0.000000, bitrate: 2592 kb/s
  Stream #0:0(eng): Video: hevc (Main), yuv420p(tv, bt709), 1920x800 [SAR 1:1 DAR 12:5], 24 fps, 24 tbr, 1k tbn (default)
    Metadata:
      title           : [Hasan]
      BPS             : 2399065
      DURATION        : 02:55:07.709000000
      NUMBER_OF_FRAMES: 252185
      NUMBER_OF_BYTES : 3151085698
      _STATISTICS_WRITING_APP: mkvmerge v61.0.0 ('So') 64-bit
      _STATISTICS_WRITING_DATE_UTC: 2022-01-13 18:46:27
      _STATISTICS_TAGS: BPS DURATION NUMBER_OF_FRAMES NUMBER_OF_BYTES
  Stream #0:1(hin): Audio: eac3, 48000 Hz, 5.1(side), fltp, 192 kb/s
    Metadata:
      title           : [Hasan]
      BPS             : 192000
      DURATION        : 02:55:07.744000000
      NUMBER_OF_FRAMES: 328367
      NUMBER_OF_BYTES : 252185856
      _STATISTICS_WRITING_APP: mkvmerge v61.0.0 ('So') 64-bit
      _STATISTICS_WRITING_DATE_UTC: 2022-01-13 18:46:27
      _STATISTICS_TAGS: BPS DURATION NUMBER_OF_FRAMES NUMBER_OF_BYTES
  Stream #0:2(eng): Subtitle: subrip (default)
    Metadata:
      title           : [Hasan]
      BPS             : 65
      DURATION        : 02:50:51.500000000
      NUMBER_OF_FRAMES: 2066
      NUMBER_OF_BYTES : 83487
      _STATISTICS_WRITING_APP: mkvmerge v61.0.0 ('So') 64-bit
      _STATISTICS_WRITING_DATE_UTC: 2022-01-13 18:46:27
      _STATISTICS_TAGS: BPS DURATION NUMBER_OF_FRAMES NUMBER_OF_BYTES
Stream mapping:
  Stream #0:0 -> #0:0 (hevc (native) -> h264 (libx264))
  Stream #0:1 -> #0:1 (eac3 (native) -> aac (libfdk_aac))
Press [q] to stop, [?] for help
[libx264 @ 0x5e12e41b6ec0] using SAR=1/1
[libx264 @ 0x5e12e41b6ec0] using cpu capabilities: MMX2 SSE2Fast SSSE3 SSE4.2 AVX FMA3 BMI2 AVX2 AVX512
[libx264 @ 0x5e12e41b6ec0] profile Main, level 4.0, 4:2:0, 8-bit
[libx264 @ 0x5e12e41b6ec0] 264 - core 164 r3095 baee400 - H.264/MPEG-4 AVC codec - Copyleft 2003-2022 - http://www.videolan.org/x264.html - options: cabac=1 ref=1 deblock=1:0:0 analyse=0x1:0 me=dia subme=0 psy=1 psy_rd=1.00:0.00 mixed_ref=0 me_range=4 chroma_me=0 trellis=0 8x8dct=0 cqm=0 deadzone=21,11 fast_pskip=1 chroma_qp_offset=0 threads=6 lookahead_threads=1 sliced_threads=0 nr=0 decimate=1 interlaced=0 bluray_compat=0 constrained_intra=0 bframes=3 b_pyramid=2 b_adapt=1 b_bias=0 direct=1 weightb=1 open_gop=0 weightp=1 keyint=250 keyint_min=24 scenecut=0 intra_refresh=0 rc_lookahead=10 rc=crf mbtree=1 crf=23.0 qcomp=0.60 qpmin=0 qpmax=69 qpstep=4 vbv_maxrate=7822 vbv_bufsize=15645 crf_max=0.0 nal_hrd=none filler=0 ip_ratio=1.40 aq=1:1.00
[hls @ 0x5e12e41b5f00] Opening '/cache/transcodes/6a9dad66aa67f6eed202ee7be5756356-1.mp4' for writing
Output #0, hls, to '/cache/transcodes/6a9dad66aa67f6eed202ee7be5756356.m3u8':
  Metadata:
    encoder         : Lavf60.3.100
  Stream #0:0: Video: h264, yuv420p(tv, bt709, progressive), 1920x800 [SAR 1:1 DAR 12:5], q=2-31, 24 fps, 12288 tbn (default)
    Metadata:
      encoder         : Lavc60.3.100 libx264
    Side data:
      cpb: bitrate max/min/avg: 7822000/0/0 buffer size: 15645000 vbv_delay: N/A
  Stream #0:1: Audio: aac, 48000 Hz, stereo, s16, 256 kb/s
    Metadata:
      encoder         : Lavc60.3.100 libfdk_aac
frame=    0 fps=0.0 q=0.0 size=N/A time=00:00:00.00 bitrate=N/A speed=   0x    
frame=   69 fps=0.0 q=28.0 size=N/A time=00:00:03.84 bitrate=N/A speed=7.17x    
[hls @ 0x5e12e41b5f00] Opening '/cache/transcodes/6a9dad66aa67f6eed202ee7be57563560.mp4' for writing
[hls @ 0x5e12e41b5f00] Opening '/cache/transcodes/6a9dad66aa67f6eed202ee7be57563561.mp4' for writing
frame=  179 fps=172 q=28.0 size=N/A time=00:00:08.38 bitrate=N/A speed=8.06x    
[hls @ 0x5e12e41b5f00] Opening '/cache/transcodes/6a9dad66aa67f6eed202ee7be57563562.mp4' for writing
[hls @ 0x5e12e41b5f00] Opening '/cache/transcodes/6a9dad66aa67f6eed202ee7be57563563.mp4' for writing
frame=  291 fps=189 q=28.0 size=N/A time=00:00:13.18 bitrate=N/A speed=8.56x    
[hls @ 0x5e12e41b5f00] Opening '/cache/transcodes/6a9dad66aa67f6eed202ee7be57563564.mp4' for writing
frame=  385 fps=189 q=28.0 size=N/A time=00:00:17.04 bitrate=N/A speed=8.35x    
[hls @ 0x5e12e41b5f00] Opening '/cache/transcodes/6a9dad66aa67f6eed202ee7be57563565.mp4' for writing
frame=  475 fps=187 q=28.0 size=N/A time=00:00:20.75 bitrate=N/A speed=8.17x    
[hls @ 0x5e12e41b5f00] Opening '/cache/transcodes/6a9dad66aa67f6eed202ee7be57563566.mp4' for writing
frame=  565 fps=185 q=28.0 size=N/A time=00:00:24.44 bitrate=N/A speed=8.03x    
[hls @ 0x5e12e41b5f00] Opening '/cache/transcodes/6a9dad66aa67f6eed202ee7be57563567.mp4' for writing
[hls @ 0x5e12e41b5f00] Opening '/cache/transcodes/6a9dad66aa67f6eed202ee7be57563568.mp4' for writing
frame=  660 fps=186 q=28.0 size=N/A time=00:00:28.37 bitrate=N/A speed=7.99x    
[hls @ 0x5e12e41b5f00] Opening '/cache/transcodes/6a9dad66aa67f6eed202ee7be57563569.mp4' for writing


[q] command received. Exiting.

[hls @ 0x5e12e41b5f00] Opening '/cache/transcodes/6a9dad66aa67f6eed202ee7be575635610.mp4' for writing
frame=  769 fps=188 q=-1.0 Lsize=N/A time=00:00:32.19 bitrate=N/A speed=7.86x    
video:484kB audio:1014kB subtitle:0kB other streams:0kB global headers:0kB muxing overhead: unknown
[libx264 @ 0x5e12e41b6ec0] frame I:11    Avg QP: 8.17  size: 31742
[libx264 @ 0x5e12e41b6ec0] frame P:192   Avg QP:13.73  size:   598
[libx264 @ 0x5e12e41b6ec0] frame B:566   Avg QP:15.37  size:    55
[libx264 @ 0x5e12e41b6ec0] consecutive B-frames:  1.4%  0.0%  3.9% 94.7%
[libx264 @ 0x5e12e41b6ec0] mb I  I16..4: 88.8%  0.0% 11.2%
[libx264 @ 0x5e12e41b6ec0] mb P  I16..4:  1.5%  0.0%  0.0%  P16..4:  0.2%  0.0%  0.0%  0.0%  0.0%    skip:98.4%
[libx264 @ 0x5e12e41b6ec0] mb B  I16..4:  0.0%  0.0%  0.0%  B16..8:  0.0%  0.0%  0.0%  direct: 0.0%  skip:100.0%  L0:87.1% L1:12.9% BI: 0.0%
[libx264 @ 0x5e12e41b6ec0] coded y,uvDC,uvAC intra: 11.8% 4.0% 3.1% inter: 0.0% 0.0% 0.0%
[libx264 @ 0x5e12e41b6ec0] i16 v,h,dc,p: 93%  4%  3%  0%
[libx264 @ 0x5e12e41b6ec0] i4 v,h,dc,ddl,ddr,vr,hd,vl,hu: 36% 27% 12%  4%  4%  4%  4%  5%  5%
[libx264 @ 0x5e12e41b6ec0] i8c dc,h,v,p: 95%  3%  2%  0%
[libx264 @ 0x5e12e41b6ec0] Weighted P-Frames: Y:0.5% UV:0.0%
[libx264 @ 0x5e12e41b6ec0] kb/s:123.64