[2024-08-20 04:27:00.689 +00:00] [INF] [4] Main: Jellyfin version: "10.9.9"
[2024-08-20 04:27:00.711 +00:00] [INF] [4] Main: Environment Variables: ["[JELLYFIN_CACHE_DIR, /cache]", "[JELLYFIN_FFMPEG, /usr/lib/jellyfin-ffmpeg/ffmpeg]", "[JELLYFIN_CONFIG_DIR, /config/config]", "[JELLYFIN_DATA_DIR, /config]", "[JELLYFIN_LOG_DIR, /config/log]", "[JELLYFIN_WEB_DIR, /jellyfin/jellyfin-web]"]
[2024-08-20 04:27:00.714 +00:00] [INF] [4] Main: Arguments: ["/jellyfin/jellyfin.dll"]
[2024-08-20 04:27:00.714 +00:00] [INF] [4] Main: Operating system: "Debian GNU/Linux 12 (bookworm)"
[2024-08-20 04:27:00.714 +00:00] [INF] [4] Main: Architecture: X64
[2024-08-20 04:27:00.715 +00:00] [INF] [4] Main: 64-Bit Process: True
[2024-08-20 04:27:00.715 +00:00] [INF] [4] Main: User Interactive: True
[2024-08-20 04:27:00.715 +00:00] [INF] [4] Main: Processor count: 4
[2024-08-20 04:27:00.715 +00:00] [INF] [4] Main: Program data path: "/config"
[2024-08-20 04:27:00.715 +00:00] [INF] [4] Main: Log directory path: "/config/log"
[2024-08-20 04:27:00.715 +00:00] [INF] [4] Main: Config directory path: "/config/config"
[2024-08-20 04:27:00.715 +00:00] [INF] [4] Main: Cache path: "/cache"
[2024-08-20 04:27:00.715 +00:00] [INF] [4] Main: Web resources path: "/jellyfin/jellyfin-web"
[2024-08-20 04:27:00.715 +00:00] [INF] [4] Main: Application directory: "/jellyfin/"
[2024-08-20 04:27:00.730 +00:00] [INF] [4] Jellyfin.Server.Migrations.MigrationRunner: Marking following migrations as applied because this is a fresh install: ["CreateNetworkConfiguration", "MigrateMusicBrainzTimeout", "MigrateNetworkConfiguration"]
[2024-08-20 04:27:00.828 +00:00] [INF] [4] Emby.Server.Implementations.AppBase.BaseConfigurationManager: Setting cache path: "/cache"
[2024-08-20 04:27:00.857 +00:00] [INF] [4] Emby.Server.Implementations.ApplicationHost: Loading assemblies
[2024-08-20 04:27:00.922 +00:00] [INF] [4] Jellyfin.Networking.Manager.NetworkManager: Defined LAN subnets: ["127.0.0.1/8", "10.0.0.0/8", "172.16.0.0/12", "192.168.0.0/16"]
[2024-08-20 04:27:00.923 +00:00] [INF] [4] Jellyfin.Networking.Manager.NetworkManager: Defined LAN exclusions: []
[2024-08-20 04:27:00.923 +00:00] [INF] [4] Jellyfin.Networking.Manager.NetworkManager: Used LAN subnets: ["127.0.0.1/8", "10.0.0.0/8", "172.16.0.0/12", "192.168.0.0/16"]
[2024-08-20 04:27:00.924 +00:00] [INF] [4] Jellyfin.Networking.Manager.NetworkManager: Filtered interface addresses: ["127.0.0.1", "172.17.0.3"]
[2024-08-20 04:27:00.925 +00:00] [INF] [4] Jellyfin.Networking.Manager.NetworkManager: Bind Addresses ["0.0.0.0"]
[2024-08-20 04:27:00.925 +00:00] [INF] [4] Jellyfin.Networking.Manager.NetworkManager: Remote IP filter is "Allowlist"
[2024-08-20 04:27:00.925 +00:00] [INF] [4] Jellyfin.Networking.Manager.NetworkManager: Filtered subnets: []
[2024-08-20 04:27:01.958 +00:00] [INF] [4] Emby.Server.Implementations.ApplicationHost: There are pending EFCore migrations in the database. Applying... (This may take a while, do not stop Jellyfin)
[2024-08-20 04:27:02.550 +00:00] [WRN] [4] Microsoft.EntityFrameworkCore.Migrations: An operation of type '"SqlOperation"' will be attempted while a rebuild of table '"ImageInfos"' is pending. The database may not be in an expected state. Review the SQL generated by this migration to help diagnose any failures. Consider moving these operations to a subsequent migration.
[2024-08-20 04:27:02.550 +00:00] [WRN] [4] Microsoft.EntityFrameworkCore.Migrations: An operation of type '"SqlOperation"' will be attempted while a rebuild of table '"ImageInfos"' is pending. The database may not be in an expected state. Review the SQL generated by this migration to help diagnose any failures. Consider moving these operations to a subsequent migration.
[2024-08-20 04:27:02.552 +00:00] [WRN] [4] Microsoft.EntityFrameworkCore.Migrations: An operation of type '"SqlOperation"' will be attempted while a rebuild of table '"Permissions"' is pending. The database may not be in an expected state. Review the SQL generated by this migration to help diagnose any failures. Consider moving these operations to a subsequent migration.
[2024-08-20 04:27:02.552 +00:00] [WRN] [4] Microsoft.EntityFrameworkCore.Migrations: An operation of type '"SqlOperation"' will be attempted while a rebuild of table '"Permissions"' is pending. The database may not be in an expected state. Review the SQL generated by this migration to help diagnose any failures. Consider moving these operations to a subsequent migration.
[2024-08-20 04:27:02.553 +00:00] [WRN] [4] Microsoft.EntityFrameworkCore.Migrations: An operation of type '"SqlOperation"' will be attempted while a rebuild of table '"Preferences"' is pending. The database may not be in an expected state. Review the SQL generated by this migration to help diagnose any failures. Consider moving these operations to a subsequent migration.
[2024-08-20 04:27:02.553 +00:00] [WRN] [4] Microsoft.EntityFrameworkCore.Migrations: An operation of type '"SqlOperation"' will be attempted while a rebuild of table '"Preferences"' is pending. The database may not be in an expected state. Review the SQL generated by this migration to help diagnose any failures. Consider moving these operations to a subsequent migration.
[2024-08-20 04:27:02.554 +00:00] [WRN] [4] Microsoft.EntityFrameworkCore.Migrations: An operation of type '"SqlOperation"' will be attempted while a rebuild of table '"Users"' is pending. The database may not be in an expected state. Review the SQL generated by this migration to help diagnose any failures. Consider moving these operations to a subsequent migration.
[2024-08-20 04:27:02.554 +00:00] [WRN] [4] Microsoft.EntityFrameworkCore.Migrations: An operation of type '"SqlOperation"' will be attempted while a rebuild of table '"Users"' is pending. The database may not be in an expected state. Review the SQL generated by this migration to help diagnose any failures. Consider moving these operations to a subsequent migration.
[2024-08-20 04:27:02.876 +00:00] [INF] [4] Emby.Server.Implementations.ApplicationHost: EFCore migrations applied successfully
[2024-08-20 04:27:03.438 +00:00] [INF] [4] Emby.Server.Implementations.AppBase.BaseConfigurationManager: Saving system configuration
[2024-08-20 04:27:03.444 +00:00] [INF] [4] Emby.Server.Implementations.AppBase.BaseConfigurationManager: Setting cache path: "/cache"
[2024-08-20 04:27:03.449 +00:00] [INF] [4] Emby.Server.Implementations.Plugins.PluginManager: Loaded plugin: "TMDb" "10.9.9.0"
[2024-08-20 04:27:03.450 +00:00] [INF] [4] Emby.Server.Implementations.Plugins.PluginManager: Loaded plugin: "Studio Images" "10.9.9.0"
[2024-08-20 04:27:03.451 +00:00] [INF] [4] Emby.Server.Implementations.Plugins.PluginManager: Loaded plugin: "OMDb" "10.9.9.0"
[2024-08-20 04:27:03.469 +00:00] [INF] [4] Emby.Server.Implementations.Plugins.PluginManager: Loaded plugin: "MusicBrainz" "10.9.9.0"
[2024-08-20 04:27:03.469 +00:00] [INF] [4] Emby.Server.Implementations.Plugins.PluginManager: Loaded plugin: "AudioDB" "10.9.9.0"
[2024-08-20 04:27:03.546 +00:00] [INF] [4] Jellyfin.Server.Migrations.MigrationRunner: Marking following migrations as applied because this is a fresh install: ["DisableTranscodingThrottling", "CreateLoggingConfigHeirarchy", "MigrateActivityLogDatabase", "RemoveDuplicateExtras", "MigrateUserDatabase", "MigrateDisplayPreferencesDatabase", "RemoveDownloadImagesInAdvance", "MigrateAuthenticationDatabase", "FixPlaylistOwner", "MigrateRatingLevels", "FixAudioData"]
[2024-08-20 04:27:03.554 +00:00] [INF] [4] Jellyfin.Server.Migrations.MigrationRunner: Applying migration '"AddDefaultPluginRepository"'
[2024-08-20 04:27:03.555 +00:00] [INF] [4] Emby.Server.Implementations.AppBase.BaseConfigurationManager: Saving system configuration
[2024-08-20 04:27:03.560 +00:00] [INF] [4] Emby.Server.Implementations.AppBase.BaseConfigurationManager: Setting cache path: "/cache"
[2024-08-20 04:27:03.560 +00:00] [INF] [4] Jellyfin.Server.Migrations.MigrationRunner: Migration '"AddDefaultPluginRepository"' applied successfully
[2024-08-20 04:27:03.565 +00:00] [INF] [4] Jellyfin.Server.Migrations.MigrationRunner: Applying migration '"ReaddDefaultPluginRepository"'
[2024-08-20 04:27:03.566 +00:00] [INF] [4] Jellyfin.Server.Migrations.MigrationRunner: Migration '"ReaddDefaultPluginRepository"' applied successfully
[2024-08-20 04:27:03.571 +00:00] [INF] [4] Jellyfin.Server.Migrations.MigrationRunner: Applying migration '"AddDefaultCastReceivers"'
[2024-08-20 04:27:03.571 +00:00] [INF] [4] Emby.Server.Implementations.AppBase.BaseConfigurationManager: Saving system configuration
[2024-08-20 04:27:03.573 +00:00] [INF] [4] Emby.Server.Implementations.AppBase.BaseConfigurationManager: Setting cache path: "/cache"
[2024-08-20 04:27:03.573 +00:00] [INF] [4] Jellyfin.Server.Migrations.MigrationRunner: Migration '"AddDefaultCastReceivers"' applied successfully
[2024-08-20 04:27:03.578 +00:00] [INF] [4] Jellyfin.Server.Migrations.MigrationRunner: Applying migration '"UpdateDefaultPluginRepository10.9"'
[2024-08-20 04:27:03.578 +00:00] [INF] [4] Emby.Server.Implementations.AppBase.BaseConfigurationManager: Saving system configuration
[2024-08-20 04:27:03.581 +00:00] [INF] [4] Emby.Server.Implementations.AppBase.BaseConfigurationManager: Setting cache path: "/cache"
[2024-08-20 04:27:03.581 +00:00] [INF] [4] Jellyfin.Server.Migrations.MigrationRunner: Migration '"UpdateDefaultPluginRepository10.9"' applied successfully
[2024-08-20 04:27:03.622 +00:00] [INF] [4] Main: Kestrel is listening on "0.0.0.0"
[2024-08-20 04:27:03.648 +00:00] [WRN] [4] Microsoft.AspNetCore.DataProtection.KeyManagement.XmlKeyManager: No XML encryptor configured. Key {995ec499-3dd0-4215-91b1-8ee5ff74d001} may be persisted to storage in unencrypted form.
[2024-08-20 04:27:04.174 +00:00] [WRN] [4] Microsoft.AspNetCore.StaticFiles.StaticFileMiddleware: The WebRootPath was not found: "/wwwroot". Static files may be unavailable.
[2024-08-20 04:27:04.250 +00:00] [INF] [4] Emby.Server.Implementations.ApplicationHost: Running startup tasks
[2024-08-20 04:27:04.275 +00:00] [INF] [4] Emby.Server.Implementations.ScheduledTasks.TaskManager: Daily trigger for "Generate Trickplay Images" set to fire at 2024-08-21 03:00:00.000 +00:00, which is 22:32:55.7244243 from now.
[2024-08-20 04:27:04.279 +00:00] [INF] [4] Emby.Server.Implementations.ScheduledTasks.TaskManager: Daily trigger for "Extract Chapter Images" set to fire at 2024-08-21 02:00:00.000 +00:00, which is 21:32:55.7210060 from now.
[2024-08-20 04:27:04.319 +00:00] [INF] [4] MediaBrowser.MediaEncoding.Encoder.MediaEncoder: Found ffmpeg version "6.0.1"
[2024-08-20 04:27:04.370 +00:00] [INF] [4] MediaBrowser.MediaEncoding.Encoder.MediaEncoder: Available "decoders": ["libdav1d", "av1", "av1_cuvid", "av1_qsv", "h264", "h264_qsv", "h264_cuvid", "hevc", "hevc_qsv", "hevc_cuvid", "mpeg2video", "mpeg2_qsv", "mpeg2_cuvid", "mpeg4", "mpeg4_cuvid", "msmpeg4", "vc1_qsv", "vc1_cuvid", "vp8", "libvpx", "vp8_cuvid", "vp8_qsv", "vp9", "libvpx-vp9", "vp9_cuvid", "vp9_qsv", "aac", "ac3", "dca", "flac", "mp3", "truehd"]
[2024-08-20 04:27:04.394 +00:00] [INF] [4] MediaBrowser.MediaEncoding.Encoder.MediaEncoder: Available "encoders": ["libsvtav1", "av1_nvenc", "av1_qsv", "av1_amf", "av1_vaapi", "libx264", "h264_amf", "h264_nvenc", "h264_qsv", "h264_v4l2m2m", "h264_vaapi", "libx265", "hevc_amf", "hevc_nvenc", "hevc_qsv", "hevc_vaapi", "mjpeg_qsv", "mjpeg_vaapi", "mpeg4", "msmpeg4", "libvpx", "libvpx-vp9", "aac", "libfdk_aac", "ac3", "alac", "dca", "flac", "libmp3lame", "libopus", "truehd", "libvorbis", "srt"]
[2024-08-20 04:27:04.419 +00:00] [INF] [4] MediaBrowser.MediaEncoding.Encoder.MediaEncoder: Available filters: ["deinterlace_qsv", "deinterlace_vaapi", "hwupload_cuda", "hwupload_vaapi", "libplacebo", "overlay_opencl", "overlay_qsv", "overlay_vaapi", "overlay_vulkan", "overlay_cuda", "procamp_vaapi", "scale_cuda", "scale_opencl", "scale_qsv", "scale_vaapi", "scale_vulkan", "tonemap_cuda", "tonemap_opencl", "tonemap_vaapi", "vpp_qsv", "yadif_cuda", "zscale", "alphasrc"]
[2024-08-20 04:27:04.578 +00:00] [INF] [4] MediaBrowser.MediaEncoding.Encoder.MediaEncoder: Available hwaccel types: ["cuda", "vaapi", "qsv", "drm", "opencl", "vulkan"]
[2024-08-20 04:27:05.161 +00:00] [INF] [4] MediaBrowser.MediaEncoding.Encoder.MediaEncoder: FFmpeg: "/usr/lib/jellyfin-ffmpeg/ffmpeg"
[2024-08-20 04:27:05.188 +00:00] [INF] [4] Emby.Server.Implementations.ApplicationHost: ServerId: "f094a690aa43479484be119f70aed4f8"
[2024-08-20 04:27:05.188 +00:00] [INF] [4] Emby.Server.Implementations.ApplicationHost: Core startup complete
[2024-08-20 04:27:05.188 +00:00] [INF] [4] Main: Startup complete 0:00:04.6869046
[2024-08-20 04:27:07.293 +00:00] [INF] [6] Emby.Server.Implementations.ScheduledTasks.TaskManager: "Clean up collections and playlists" Completed after 0 minute(s) and 0 seconds
[2024-08-20 04:27:09.351 +00:00] [INF] [15] Emby.Server.Implementations.ScheduledTasks.TaskManager: "Update Plugins" Completed after 0 minute(s) and 2 seconds
[2024-08-20 04:29:06.544 +00:00] [INF] [20] Jellyfin.Server.Implementations.Users.UserManager: Authentication request for "root" has been denied (IP: "100.120.121.7").
[2024-08-20 04:29:06.548 +00:00] [ERR] [20] Jellyfin.Api.Middleware.ExceptionMiddleware: Error processing request: "Invalid username or password entered". URL "POST" "/Users/authenticatebyname".
[2024-08-20 04:29:15.322 +00:00] [INF] [20] Jellyfin.Server.Implementations.Users.UserManager: Authentication request for "root" has been denied (IP: "100.120.121.7").
[2024-08-20 04:29:15.324 +00:00] [ERR] [20] Jellyfin.Api.Middleware.ExceptionMiddleware: Error processing request: "Invalid username or password entered". URL "POST" "/Users/authenticatebyname".
[2024-08-20 04:29:51.875 +00:00] [INF] [22] Emby.Server.Implementations.AppBase.BaseConfigurationManager: Saving system configuration
[2024-08-20 04:29:51.893 +00:00] [INF] [22] Emby.Server.Implementations.AppBase.BaseConfigurationManager: Setting cache path: "/cache"
[2024-08-20 04:29:51.895 +00:00] [INF] [23] Jellyfin.Networking.PortForwardingHost: Stopping NAT discovery
[2024-08-20 04:29:51.962 +00:00] [WRN] [17] Jellyfin.Server.Implementations.Users.UserManager: No users, creating one with username "root"
[2024-08-20 04:30:23.292 +00:00] [INF] [23] Emby.Server.Implementations.AppBase.BaseConfigurationManager: Saving system configuration
[2024-08-20 04:30:23.301 +00:00] [INF] [23] Emby.Server.Implementations.AppBase.BaseConfigurationManager: Setting cache path: "/cache"
[2024-08-20 04:30:26.401 +00:00] [INF] [19] Jellyfin.Networking.Manager.NetworkManager: Defined LAN subnets: ["127.0.0.1/8", "10.0.0.0/8", "172.16.0.0/12", "192.168.0.0/16"]
[2024-08-20 04:30:26.401 +00:00] [INF] [19] Jellyfin.Networking.Manager.NetworkManager: Defined LAN exclusions: []
[2024-08-20 04:30:26.401 +00:00] [INF] [19] Jellyfin.Networking.Manager.NetworkManager: Used LAN subnets: ["127.0.0.1/8", "10.0.0.0/8", "172.16.0.0/12", "192.168.0.0/16"]
[2024-08-20 04:30:26.401 +00:00] [INF] [19] Jellyfin.Networking.Manager.NetworkManager: Filtered interface addresses: ["127.0.0.1", "172.17.0.3"]
[2024-08-20 04:30:26.401 +00:00] [INF] [19] Jellyfin.Networking.Manager.NetworkManager: Bind Addresses ["0.0.0.0"]
[2024-08-20 04:30:26.401 +00:00] [INF] [19] Jellyfin.Networking.Manager.NetworkManager: Remote IP filter is "Allowlist"
[2024-08-20 04:30:26.401 +00:00] [INF] [19] Jellyfin.Networking.Manager.NetworkManager: Filtered subnets: []
[2024-08-20 04:30:28.721 +00:00] [INF] [19] Emby.Server.Implementations.AppBase.BaseConfigurationManager: Saving system configuration
[2024-08-20 04:30:28.725 +00:00] [INF] [19] Emby.Server.Implementations.AppBase.BaseConfigurationManager: Setting cache path: "/cache"
[2024-08-20 04:30:28.730 +00:00] [INF] [22] Emby.Server.Implementations.Library.LibraryManager: Validating media library
[2024-08-20 04:30:28.813 +00:00] [WRN] [22] MediaBrowser.Controller.Entities.BaseItem: Library folder "/config/data/playlists" is inaccessible or empty, skipping
[2024-08-20 04:30:28.838 +00:00] [WRN] [21] MediaBrowser.Controller.Entities.BaseItem: Library folder "/config/data/playlists" is inaccessible or empty, skipping
[2024-08-20 04:30:28.859 +00:00] [INF] [19] Emby.Server.Implementations.ScheduledTasks.TaskManager: "Scan Media Library" Completed after 0 minute(s) and 0 seconds
[2024-08-20 04:30:45.880 +00:00] [INF] [17] Jellyfin.Server.Implementations.Users.UserManager: Authentication request for "root" has succeeded.
[2024-08-20 04:30:45.880 +00:00] [INF] [17] Emby.Server.Implementations.Session.SessionManager: Current/Max sessions for user "root": 0/0
[2024-08-20 04:30:45.883 +00:00] [INF] [17] Emby.Server.Implementations.Session.SessionManager: Creating new access token for user 09a3bedb-7c57-4910-8dee-5ab9a6725ad0
[2024-08-20 04:30:46.162 +00:00] [INF] [19] Emby.Server.Implementations.HttpServer.WebSocketManager: WS "100.120.121.7" request
[2024-08-20 04:36:10.184 +00:00] [INF] [12] Emby.Server.Implementations.Session.SessionWebSocketListener: Sending ForceKeepAlive message to 1 inactive WebSockets.
[2024-08-20 04:38:58.183 +00:00] [INF] [36] Emby.Server.Implementations.Session.SessionWebSocketListener: Sending ForceKeepAlive message to 1 inactive WebSockets.
[2024-08-20 04:42:22.183 +00:00] [INF] [42] Emby.Server.Implementations.Session.SessionWebSocketListener: Sending ForceKeepAlive message to 1 inactive WebSockets.
[2024-08-20 04:45:10.183 +00:00] [INF] [50] Emby.Server.Implementations.Session.SessionWebSocketListener: Sending ForceKeepAlive message to 1 inactive WebSockets.
[2024-08-20 04:47:58.183 +00:00] [INF] [55] Emby.Server.Implementations.Session.SessionWebSocketListener: Sending ForceKeepAlive message to 1 inactive WebSockets.
[2024-08-20 04:51:22.183 +00:00] [INF] [66] Emby.Server.Implementations.Session.SessionWebSocketListener: Sending ForceKeepAlive message to 1 inactive WebSockets.
[2024-08-20 04:54:10.183 +00:00] [INF] [73] Emby.Server.Implementations.Session.SessionWebSocketListener: Sending ForceKeepAlive message to 1 inactive WebSockets.
[2024-08-20 04:56:58.183 +00:00] [INF] [80] Emby.Server.Implementations.Session.SessionWebSocketListener: Sending ForceKeepAlive message to 1 inactive WebSockets.
[2024-08-20 05:00:22.183 +00:00] [INF] [83] Emby.Server.Implementations.Session.SessionWebSocketListener: Sending ForceKeepAlive message to 1 inactive WebSockets.
[2024-08-20 05:03:10.182 +00:00] [INF] [86] Emby.Server.Implementations.Session.SessionWebSocketListener: Sending ForceKeepAlive message to 1 inactive WebSockets.
[2024-08-20 05:05:58.182 +00:00] [INF] [72] Emby.Server.Implementations.Session.SessionWebSocketListener: Sending ForceKeepAlive message to 1 inactive WebSockets.
[2024-08-20 05:09:22.183 +00:00] [INF] [69] Emby.Server.Implementations.Session.SessionWebSocketListener: Sending ForceKeepAlive message to 1 inactive WebSockets.
[2024-08-20 05:12:10.183 +00:00] [INF] [63] Emby.Server.Implementations.Session.SessionWebSocketListener: Sending ForceKeepAlive message to 1 inactive WebSockets.
[2024-08-20 05:14:58.183 +00:00] [INF] [56] Emby.Server.Implementations.Session.SessionWebSocketListener: Sending ForceKeepAlive message to 1 inactive WebSockets.
[2024-08-20 05:18:22.183 +00:00] [INF] [52] Emby.Server.Implementations.Session.SessionWebSocketListener: Sending ForceKeepAlive message to 1 inactive WebSockets.
[2024-08-20 05:21:10.182 +00:00] [INF] [45] Emby.Server.Implementations.Session.SessionWebSocketListener: Sending ForceKeepAlive message to 1 inactive WebSockets.
[2024-08-20 05:23:58.183 +00:00] [INF] [36] Emby.Server.Implementations.Session.SessionWebSocketListener: Sending ForceKeepAlive message to 1 inactive WebSockets.
[2024-08-20 05:27:04.281 +00:00] [INF] [25] Emby.Server.Implementations.ScheduledTasks.TaskManager: "Download missing subtitles" Completed after 0 minute(s) and 0 seconds
[2024-08-20 05:27:04.281 +00:00] [INF] [26] Emby.Server.Implementations.ScheduledTasks.TaskManager: "Audio Normalization" Completed after 0 minute(s) and 0 seconds
[2024-08-20 05:27:04.319 +00:00] [INF] [12] Emby.Server.Implementations.ScheduledTasks.TaskManager: "Clean Log Directory" Completed after 0 minute(s) and 0 seconds
[2024-08-20 05:27:04.348 +00:00] [INF] [11] Emby.Server.Implementations.Library.LibraryManager: Validating media library
[2024-08-20 05:27:04.352 +00:00] [INF] [27] Emby.Server.Implementations.ScheduledTasks.TaskManager: "Clean Cache Directory" Completed after 0 minute(s) and 0 seconds
[2024-08-20 05:27:04.353 +00:00] [INF] [15] Emby.Server.Implementations.ScheduledTasks.TaskManager: "TasksRefreshChannels" Completed after 0 minute(s) and 0 seconds
[2024-08-20 05:27:04.354 +00:00] [WRN] [11] MediaBrowser.Controller.Entities.BaseItem: Library folder "/config/data/playlists" is inaccessible or empty, skipping
[2024-08-20 05:27:04.408 +00:00] [INF] [26] Emby.Server.Implementations.ScheduledTasks.Tasks.OptimizeDatabaseTask: Optimizing and vacuuming jellyfin.db...
[2024-08-20 05:27:04.413 +00:00] [INF] [25] Emby.Server.Implementations.Library.LibraryManager: People validation complete
[2024-08-20 05:27:04.413 +00:00] [INF] [25] Emby.Server.Implementations.ScheduledTasks.TaskManager: "Refresh People" Completed after 0 minute(s) and 0 seconds
[2024-08-20 05:27:04.443 +00:00] [WRN] [11] MediaBrowser.Controller.Entities.BaseItem: Library folder "/config/data/playlists" is inaccessible or empty, skipping
[2024-08-20 05:27:04.351 +00:00] [ERR] [4] Emby.Server.Implementations.ScheduledTasks.TaskManager: Error executing Scheduled Task
System.IO.DirectoryNotFoundException: Could not find a part of the path '/cache/transcodes'.
   at System.IO.Enumeration.FileSystemEnumerator`1.CreateDirectoryHandle(String path, Boolean ignoreNotFound)
   at System.IO.Enumeration.FileSystemEnumerator`1.Init()
   at System.IO.Enumeration.FileSystemEnumerable`1..ctor(String directory, FindTransform transform, EnumerationOptions options, Boolean isNormalized)
   at System.IO.Enumeration.FileSystemEnumerableFactory.FileInfos(String directory, String expression, EnumerationOptions options, Boolean isNormalized)
   at System.IO.DirectoryInfo.InternalEnumerateInfos(String path, String searchPattern, SearchTarget searchTarget, EnumerationOptions options)
   at System.IO.DirectoryInfo.EnumerateFiles(String searchPattern, EnumerationOptions enumerationOptions)
   at Emby.Server.Implementations.IO.ManagedFileSystem.GetFiles(String path, IReadOnlyList`1 extensions, Boolean enableCaseSensitiveExtensions, Boolean recursive)
   at Emby.Server.Implementations.IO.ManagedFileSystem.GetFiles(String path, Boolean recursive)
   at Emby.Server.Implementations.ScheduledTasks.Tasks.DeleteTranscodeFileTask.DeleteTempFilesFromDirectory(String directory, DateTime minDateModified, IProgress`1 progress, CancellationToken cancellationToken)
   at Emby.Server.Implementations.ScheduledTasks.Tasks.DeleteTranscodeFileTask.ExecuteAsync(IProgress`1 progress, CancellationToken cancellationToken)
   at Emby.Server.Implementations.ScheduledTasks.ScheduledTaskWorker.ExecuteInternal(TaskOptions options)
[2024-08-20 05:27:04.444 +00:00] [INF] [4] Emby.Server.Implementations.ScheduledTasks.TaskManager: "Clean Transcode Directory" Failed after 0 minute(s) and 0 seconds
[2024-08-20 05:27:04.486 +00:00] [INF] [11] Emby.Server.Implementations.ScheduledTasks.TaskManager: "Scan Media Library" Completed after 0 minute(s) and 0 seconds
[2024-08-20 05:27:04.519 +00:00] [INF] [26] Emby.Server.Implementations.ScheduledTasks.Tasks.OptimizeDatabaseTask: jellyfin.db optimized successfully!
[2024-08-20 05:27:04.519 +00:00] [INF] [26] Emby.Server.Implementations.ScheduledTasks.TaskManager: "Optimize database" Completed after 0 minute(s) and 0 seconds
[2024-08-20 05:27:05.874 +00:00] [INF] [3] Emby.Server.Implementations.ScheduledTasks.TaskManager: "Update Plugins" Completed after 0 minute(s) and 1 seconds
[2024-08-20 05:27:07.514 +00:00] [INF] [26] Jellyfin.LiveTv.Guide.GuideManager: Refreshing guide with 7 days of guide data
[2024-08-20 05:27:07.519 +00:00] [INF] [26] Emby.Server.Implementations.ScheduledTasks.TaskManager: "Refresh Guide" Completed after 0 minute(s) and 3 seconds
[2024-08-20 05:27:22.183 +00:00] [INF] [11] Emby.Server.Implementations.Session.SessionWebSocketListener: Sending ForceKeepAlive message to 1 inactive WebSockets.
[2024-08-20 05:30:10.183 +00:00] [INF] [24] Emby.Server.Implementations.Session.SessionWebSocketListener: Sending ForceKeepAlive message to 1 inactive WebSockets.
[2024-08-20 05:32:58.182 +00:00] [INF] [43] Emby.Server.Implementations.Session.SessionWebSocketListener: Sending ForceKeepAlive message to 1 inactive WebSockets.
[2024-08-20 05:36:22.182 +00:00] [INF] [43] Emby.Server.Implementations.Session.SessionWebSocketListener: Sending ForceKeepAlive message to 1 inactive WebSockets.
[2024-08-20 05:39:10.182 +00:00] [INF] [54] Emby.Server.Implementations.Session.SessionWebSocketListener: Sending ForceKeepAlive message to 1 inactive WebSockets.
[2024-08-20 05:41:58.183 +00:00] [INF] [63] Emby.Server.Implementations.Session.SessionWebSocketListener: Sending ForceKeepAlive message to 1 inactive WebSockets.
[2024-08-20 05:45:22.183 +00:00] [INF] [67] Emby.Server.Implementations.Session.SessionWebSocketListener: Sending ForceKeepAlive message to 1 inactive WebSockets.
[2024-08-20 05:48:10.182 +00:00] [INF] [80] Emby.Server.Implementations.Session.SessionWebSocketListener: Sending ForceKeepAlive message to 1 inactive WebSockets.
[2024-08-20 05:50:58.182 +00:00] [INF] [90] Emby.Server.Implementations.Session.SessionWebSocketListener: Sending ForceKeepAlive message to 1 inactive WebSockets.
[2024-08-20 05:54:22.182 +00:00] [INF] [19] Emby.Server.Implementations.Session.SessionWebSocketListener: Sending ForceKeepAlive message to 1 inactive WebSockets.
[2024-08-20 05:57:10.183 +00:00] [INF] [96] Emby.Server.Implementations.Session.SessionWebSocketListener: Sending ForceKeepAlive message to 1 inactive WebSockets.
[2024-08-20 05:59:58.183 +00:00] [INF] [94] Emby.Server.Implementations.Session.SessionWebSocketListener: Sending ForceKeepAlive message to 1 inactive WebSockets.
[2024-08-20 06:03:22.183 +00:00] [INF] [89] Emby.Server.Implementations.Session.SessionWebSocketListener: Sending ForceKeepAlive message to 1 inactive WebSockets.
[2024-08-20 06:08:10.836 +00:00] [INF] [84] Emby.Server.Implementations.Session.SessionWebSocketListener: Sending ForceKeepAlive message to 1 inactive WebSockets.
[2024-08-20 06:10:58.836 +00:00] [INF] [65] Emby.Server.Implementations.Session.SessionWebSocketListener: Sending ForceKeepAlive message to 1 inactive WebSockets.
[2024-08-20 06:14:22.836 +00:00] [INF] [56] Emby.Server.Implementations.Session.SessionWebSocketListener: Sending ForceKeepAlive message to 1 inactive WebSockets.
[2024-08-20 06:17:10.835 +00:00] [INF] [48] Emby.Server.Implementations.Session.SessionWebSocketListener: Sending ForceKeepAlive message to 1 inactive WebSockets.
[2024-08-20 06:19:58.837 +00:00] [INF] [42] Emby.Server.Implementations.Session.SessionWebSocketListener: Sending ForceKeepAlive message to 1 inactive WebSockets.
[2024-08-20 06:23:22.836 +00:00] [INF] [34] Emby.Server.Implementations.Session.SessionWebSocketListener: Sending ForceKeepAlive message to 1 inactive WebSockets.
[2024-08-20 06:26:10.835 +00:00] [INF] [34] Emby.Server.Implementations.Session.SessionWebSocketListener: Sending ForceKeepAlive message to 1 inactive WebSockets.
[2024-08-20 06:27:09.003 +00:00] [INF] [105] Jellyfin.LiveTv.Guide.GuideManager: Refreshing guide with 7 days of guide data
[2024-08-20 06:27:09.004 +00:00] [INF] [105] Emby.Server.Implementations.ScheduledTasks.TaskManager: "Refresh Guide" Completed after 0 minute(s) and 3 seconds
[2024-08-20 06:28:58.836 +00:00] [INF] [101] Emby.Server.Implementations.Session.SessionWebSocketListener: Sending ForceKeepAlive message to 1 inactive WebSockets.
[2024-08-20 06:32:22.835 +00:00] [INF] [24] Emby.Server.Implementations.Session.SessionWebSocketListener: Sending ForceKeepAlive message to 1 inactive WebSockets.
[2024-08-20 06:35:10.835 +00:00] [INF] [41] Emby.Server.Implementations.Session.SessionWebSocketListener: Sending ForceKeepAlive message to 1 inactive WebSockets.
[2024-08-20 06:37:13.373 +00:00] [WRN] [41] Emby.Server.Implementations.HttpServer.WebSocketConnection: WS "100.120.121.7" error receiving data: "The remote party closed the WebSocket connection without completing the close handshake."
[2024-08-20 06:37:13.399 +00:00] [INF] [41] Emby.Server.Implementations.HttpServer.WebSocketManager: WS "100.120.121.7" closed
