[2024-08-21 02:00:00.658 +00:00] [INF] [149] Emby.Server.Implementations.ScheduledTasks.TaskManager: "Extract Chapter Images" Completed after 0 minute(s) and 0 seconds
[2024-08-21 02:00:01.654 +00:00] [INF] [151] Emby.Server.Implementations.ScheduledTasks.TaskManager: Daily trigger for "Extract Chapter Images" set to fire at 2024-08-22 02:00:00.000 +00:00, which is 23:59:58.3455001 from now.
[2024-08-21 03:00:00.659 +00:00] [INF] [23] Emby.Server.Implementations.ScheduledTasks.TaskManager: "Generate Trickplay Images" Completed after 0 minute(s) and 0 seconds
[2024-08-21 03:00:01.655 +00:00] [INF] [22] Emby.Server.Implementations.ScheduledTasks.TaskManager: Daily trigger for "Generate Trickplay Images" set to fire at 2024-08-22 03:00:00.000 +00:00, which is 23:59:58.3446843 from now.
[2024-08-21 05:27:04.933 +00:00] [INF] [113] Emby.Server.Implementations.ScheduledTasks.TaskManager: "Download missing subtitles" Completed after 0 minute(s) and 0 seconds
[2024-08-21 05:27:04.934 +00:00] [INF] [111] Emby.Server.Implementations.ScheduledTasks.TaskManager: "Audio Normalization" Completed after 0 minute(s) and 0 seconds
[2024-08-21 05:27:04.995 +00:00] [INF] [110] Emby.Server.Implementations.ScheduledTasks.TaskManager: "Clean Log Directory" Completed after 0 minute(s) and 0 seconds
[2024-08-21 05:27:05.025 +00:00] [INF] [113] Emby.Server.Implementations.ScheduledTasks.TaskManager: "Clean Cache Directory" Completed after 0 minute(s) and 0 seconds
[2024-08-21 05:27:05.026 +00:00] [INF] [110] Emby.Server.Implementations.ScheduledTasks.TaskManager: "TasksRefreshChannels" Completed after 0 minute(s) and 0 seconds
[2024-08-21 05:27:05.098 +00:00] [INF] [109] Emby.Server.Implementations.ScheduledTasks.TaskManager: "Clean Transcode Directory" Completed after 0 minute(s) and 0 seconds
[2024-08-21 05:27:05.151 +00:00] [INF] [113] Emby.Server.Implementations.Library.LibraryManager: Validating media library
[2024-08-21 05:27:05.154 +00:00] [WRN] [113] MediaBrowser.Controller.Entities.BaseItem: Library folder "/config/data/playlists" is inaccessible or empty, skipping
[2024-08-21 05:27:05.156 +00:00] [WRN] [113] MediaBrowser.Controller.Entities.BaseItem: Library folder "/config/data/playlists" is inaccessible or empty, skipping
[2024-08-21 05:27:05.159 +00:00] [INF] [113] Emby.Server.Implementations.ScheduledTasks.TaskManager: "Scan Media Library" Completed after 0 minute(s) and 0 seconds
[2024-08-21 05:27:05.184 +00:00] [INF] [110] Emby.Server.Implementations.ScheduledTasks.Tasks.OptimizeDatabaseTask: Optimizing and vacuuming jellyfin.db...
[2024-08-21 05:27:05.212 +00:00] [INF] [110] Emby.Server.Implementations.ScheduledTasks.Tasks.OptimizeDatabaseTask: jellyfin.db optimized successfully!
[2024-08-21 05:27:05.212 +00:00] [INF] [110] Emby.Server.Implementations.ScheduledTasks.TaskManager: "Optimize database" Completed after 0 minute(s) and 0 seconds
[2024-08-21 05:27:06.901 +00:00] [INF] [113] Emby.Server.Implementations.ScheduledTasks.TaskManager: "Update Plugins" Completed after 0 minute(s) and 1 seconds
[2024-08-21 06:27:09.003 +00:00] [INF] [43] Jellyfin.LiveTv.Guide.GuideManager: Refreshing guide with 7 days of guide data
[2024-08-21 06:27:09.004 +00:00] [INF] [43] Emby.Server.Implementations.ScheduledTasks.TaskManager: "Refresh Guide" Completed after 0 minute(s) and 3 seconds
